Running on nodes: mb-119
=======================================================================
1 core(s) / Freq = 1600 MHz / NO GPU
=======================================================================
2 core(s) / Freq = 1600 MHz / NO GPU
Time to finish  13529 ms [check = 3.565752e+08]
=======================================================================
1 core(s) / Freq = 800 MHz / NO GPU
Time to finish  52603 ms [check = 3.565752e+08]
=======================================================================
2 core(s) / Freq = 800 MHz / NO GPU
Time to finish  26662 ms [check = 3.565752e+08]
=======================================================================
1 core(s) / Freq = 1600 MHz / GPU
Time to finish   8486 ms [check = 3.565752e+08]
=======================================================================
1 core(s) / Freq = 800 MHz / GPU
Time to finish  10516 ms [check = 3.565752e+08]
Job start / end: 1444061252 1444061437
For getting power data of this job run: 
  dcdbquery -h mb.mont.blanc -r mb-119-PWR 1444061252 1444061437
