Running on nodes: mb-121
=======================================================================
1 core(s) / Freq = 1600 MHz / NO GPU
=======================================================================
2 core(s) / Freq = 1600 MHz / NO GPU
=======================================================================
1 core(s) / Freq = 800 MHz / NO GPU
Time to finish  52098 ms [check = 3.565752e+08]
=======================================================================
2 core(s) / Freq = 800 MHz / NO GPU
Time to finish  26208 ms [check = 3.565752e+08]
=======================================================================
1 core(s) / Freq = 1600 MHz / GPU
Time to finish   8528 ms [check = 3.565752e+08]
=======================================================================
1 core(s) / Freq = 800 MHz / GPU
Time to finish  10441 ms [check = 3.565752e+08]
Job start / end: 1444061679 1444061849
For getting power data of this job run: 
  dcdbquery -h mb.mont.blanc -r mb-121-PWR 1444061679 1444061849
